This file contains any messages produced by compilers while
running configure, to aid debugging if configure makes a mistake.

It was created by gngeo configure 0.8, which was
generated by GNU Autoconf 2.69.  Invocation command line was

  $ ./configure --disable-i386asm --with-z80core=mamez80 CFLAGS=-fcommon

## --------- ##
## Platform. ##
## --------- ##

hostname = debian
uname -m = x86_64
uname -r = 5.10.0-36-amd64
uname -s = Linux
uname -v = #1 SMP Debian 5.10.244-1 (2025-09-29)

/usr/bin/uname -p = unknown
/bin/uname -X     = unknown

/bin/arch              = x86_64
/usr/bin/arch -k       = unknown
/usr/convex/getsysinfo = unknown
/usr/bin/hostinfo      = unknown
/bin/machine           = unknown
/usr/bin/oslevel       = unknown
/bin/universe          = unknown

PATH: /home/jigokumaster/bin
PATH: /home/jigokumaster/android-gcc/bin
PATH: /opt/android-sdk/tools/bin
PATH: /opt/android-sdk/tools
PATH: /opt/android-sdk/build-tools/android-7.1.1
PATH: /opt/android-sdk/platform-tools
PATH: /home/jigokumaster/android-gcc/bin
PATH: /home/jigokumaster/android-gcc/musl/bin
PATH: /home/jigokumaster/arm-2009q1/bin
PATH: /home/jigokumaster/arm-2009q1/musl/bin
PATH: /home/jigokumaster/csl-gcc/bin
PATH: /home/jigokumaster/gnupoc
PATH: /home/jigokumaster/.local/bin
PATH: /home/jigokumaster/bin
PATH: /home/jigokumaster/android-gcc/bin
PATH: /opt/android-sdk/tools/bin
PATH: /opt/android-sdk/tools
PATH: /opt/android-sdk/build-tools/android-7.1.1
PATH: /opt/android-sdk/platform-tools
PATH: /home/jigokumaster/android-gcc/bin
PATH: /home/jigokumaster/android-gcc/musl/bin
PATH: /home/jigokumaster/arm-2009q1/bin
PATH: /home/jigokumaster/arm-2009q1/musl/bin
PATH: /home/jigokumaster/csl-gcc/bin
PATH: /home/jigokumaster/gnupoc
PATH: /home/jigokumaster/.local/bin
PATH: /usr/local/bin
PATH: /usr/bin
PATH: /bin
PATH: /usr/local/games
PATH: /usr/games


## ----------- ##
## Core tests. ##
## ----------- ##

configure:2261: checking build system type
configure:2275: result: x86_64-unknown-linux-gnu
configure:2295: checking host system type
configure:2308: result: x86_64-unknown-linux-gnu
configure:2328: checking target system type
configure:2341: result: x86_64-unknown-linux-gnu
configure:2387: checking for a BSD-compatible install
configure:2455: result: /usr/bin/install -c
configure:2466: checking whether build environment is sane
configure:2516: result: yes
configure:2657: checking for a thread-safe mkdir -p
configure:2696: result: /usr/bin/mkdir -p
configure:2709: checking for gawk
configure:2739: result: no
configure:2709: checking for mawk
configure:2725: found /usr/bin/mawk
configure:2736: result: mawk
configure:2747: checking whether make sets $(MAKE)
configure:2769: result: yes
configure:2930: checking for gcc
configure:2946: found /usr/bin/gcc
configure:2957: result: gcc
configure:3186: checking for C compiler version
configure:3195: gcc --version >&5
gcc (Debian 10.2.1-6) 10.2.1 20210110
Copyright (C) 2020 Free Software Foundation, Inc.
This is free software; see the source for copying conditions.  There is NO
warranty; not even for MERCHANTABILITY or FITNESS FOR A PARTICULAR PURPOSE.

configure:3206: $? = 0
configure:3195: gcc -v >&5
Using built-in specs.
COLLECT_GCC=gcc
COLLECT_LTO_WRAPPER=/usr/lib/gcc/x86_64-linux-gnu/10/lto-wrapper
OFFLOAD_TARGET_NAMES=nvptx-none:amdgcn-amdhsa:hsa
OFFLOAD_TARGET_DEFAULT=1
Target: x86_64-linux-gnu
Configured with: ../src/configure -v --with-pkgversion='Debian 10.2.1-6' --with-bugurl=file:///usr/share/doc/gcc-10/README.Bugs --enable-languages=c,ada,c++,go,brig,d,fortran,objc,obj-c++,m2 --prefix=/usr --with-gcc-major-version-only --program-suffix=-10 --program-prefix=x86_64-linux-gnu- --enable-shared --enable-linker-build-id --libexecdir=/usr/lib --without-included-gettext --enable-threads=posix --libdir=/usr/lib --enable-nls --enable-bootstrap --enable-clocale=gnu --enable-libstdcxx-debug --enable-libstdcxx-time=yes --with-default-libstdcxx-abi=new --enable-gnu-unique-object --disable-vtable-verify --enable-plugin --enable-default-pie --with-system-zlib --enable-libphobos-checking=release --with-target-system-zlib=auto --enable-objc-gc=auto --enable-multiarch --disable-werror --with-arch-32=i686 --with-abi=m64 --with-multilib-list=m32,m64,mx32 --enable-multilib --with-tune=generic --enable-offload-targets=nvptx-none=/build/gcc-10-Km9U7s/gcc-10-10.2.1/debian/tmp-nvptx/usr,amdgcn-amdhsa=/build/gcc-10-Km9U7s/gcc-10-10.2.1/debian/tmp-gcn/usr,hsa --without-cuda-driver --enable-checking=release --build=x86_64-linux-gnu --host=x86_64-linux-gnu --target=x86_64-linux-gnu --with-build-config=bootstrap-lto-lean --enable-link-mutex
Thread model: posix
Supported LTO compression algorithms: zlib zstd
gcc version 10.2.1 20210110 (Debian 10.2.1-6) 
... rest of stderr output deleted ...
configure:3206: $? = 0
configure:3195: gcc -V >&5
gcc: error: unrecognized command-line option '-V'
gcc: fatal error: no input files
compilation terminated.
configure:3206: $? = 1
configure:3195: gcc -qversion >&5
gcc: error: unrecognized command-line option '-qversion'; did you mean '--version'?
gcc: fatal error: no input files
compilation terminated.
configure:3206: $? = 1
configure:3226: checking whether the C compiler works
configure:3248: gcc -fcommon   conftest.c  >&5
configure:3252: $? = 0
configure:3300: result: yes
configure:3303: checking for C compiler default output file name
configure:3305: result: a.out
configure:3311: checking for suffix of executables
configure:3318: gcc -o conftest -fcommon   conftest.c  >&5
configure:3322: $? = 0
configure:3344: result: 
configure:3366: checking whether we are cross compiling
configure:3374: gcc -o conftest -fcommon   conftest.c  >&5
configure:3378: $? = 0
configure:3385: ./conftest
configure:3389: $? = 0
configure:3404: result: no
configure:3409: checking for suffix of object files
configure:3431: gcc -c -fcommon  conftest.c >&5
configure:3435: $? = 0
configure:3456: result: o
configure:3460: checking whether we are using the GNU C compiler
configure:3479: gcc -c -fcommon  conftest.c >&5
configure:3479: $? = 0
configure:3488: result: yes
configure:3497: checking whether gcc accepts -g
configure:3517: gcc -c -g  conftest.c >&5
configure:3517: $? = 0
configure:3558: result: yes
configure:3575: checking for gcc option to accept ISO C89
configure:3638: gcc  -c -fcommon  conftest.c >&5
configure:3638: $? = 0
configure:3651: result: none needed
configure:3682: checking for style of include used by make
configure:3710: result: GNU
configure:3735: checking dependency style of gcc
configure:3845: result: gcc3
configure:3903: checking for ranlib
configure:3919: found /usr/bin/ranlib
configure:3930: result: ranlib
configure:3961: checking dependency style of gcc
configure:4069: result: gcc3
configure:4233: checking for sdl-config
configure:4251: found /usr/bin/sdl-config
configure:4264: result: /usr/bin/sdl-config
configure:4274: checking for SDL - version >= 1.2.0
configure:4361: gcc -o conftest -fcommon -I/usr/include/SDL -D_GNU_SOURCE=1 -D_REENTRANT   conftest.c  -L/usr/lib/x86_64-linux-gnu -lSDL >&5
configure:4361: $? = 0
configure:4361: ./conftest
configure:4361: $? = 0
configure:4376: result: yes
configure:4509: checking for acos in -lm
configure:4534: gcc -o conftest -fcommon -I/usr/include/SDL -D_GNU_SOURCE=1 -D_REENTRANT   conftest.c -lm   -L/usr/lib/x86_64-linux-gnu -lSDL >&5
conftest.c:18:6: warning: conflicting types for built-in function 'acos'; expected 'double(double)' [-Wbuiltin-declaration-mismatch]
   18 | char acos ();
      |      ^~~~
conftest.c:1:1: note: 'acos' is declared in header '<math.h>'
    1 | /* confdefs.h */
configure:4534: $? = 0
configure:4543: result: yes
configure:4554: checking for inflate in -lz
configure:4579: gcc -o conftest -fcommon -I/usr/include/SDL -D_GNU_SOURCE=1 -D_REENTRANT   conftest.c -lz  -lm  -L/usr/lib/x86_64-linux-gnu -lSDL >&5
configure:4579: $? = 0
configure:4588: result: yes
configure:4603: checking for getopt_long
configure:4603: gcc -o conftest -fcommon -I/usr/include/SDL -D_GNU_SOURCE=1 -D_REENTRANT   conftest.c -lz -lm  -L/usr/lib/x86_64-linux-gnu -lSDL >&5
configure:4603: $? = 0
configure:4603: result: yes
configure:4626: checking for scandir
configure:4626: gcc -o conftest -fcommon -I/usr/include/SDL -D_GNU_SOURCE=1 -D_REENTRANT   conftest.c -lz -lm  -L/usr/lib/x86_64-linux-gnu -lSDL >&5
configure:4626: $? = 0
configure:4626: result: yes
configure:4637: checking for basename
configure:4637: gcc -o conftest -fcommon -I/usr/include/SDL -D_GNU_SOURCE=1 -D_REENTRANT   conftest.c -lz -lm  -L/usr/lib/x86_64-linux-gnu -lSDL >&5
configure:4637: $? = 0
configure:4637: result: yes
configure:4648: checking for mmap
configure:4648: gcc -o conftest -fcommon -I/usr/include/SDL -D_GNU_SOURCE=1 -D_REENTRANT   conftest.c -lz -lm  -L/usr/lib/x86_64-linux-gnu -lSDL >&5
configure:4648: $? = 0
configure:4648: result: yes
configure:4825: checking how to run the C preprocessor
configure:4856: gcc -E  conftest.c
configure:4856: $? = 0
configure:4870: gcc -E  conftest.c
conftest.c:19:10: fatal error: ac_nonexistent.h: No such file or directory
   19 | #include <ac_nonexistent.h>
      |          ^~~~~~~~~~~~~~~~~~
compilation terminated.
configure:4870: $? = 1
configure: failed program was:
| /* confdefs.h */
| #define PACKAGE_NAME "gngeo"
| #define PACKAGE_TARNAME "gngeo"
| #define PACKAGE_VERSION "0.8"
| #define PACKAGE_STRING "gngeo 0.8"
| #define PACKAGE_BUGREPORT ""
| #define PACKAGE_URL ""
| #define PACKAGE "gngeo"
| #define VERSION "0.8"
| #define HAVE_LIBM 1
| #define HAVE_LIBZ 1
| #define HAVE_GETOPT_LONG 1
| #define HAVE_SCANDIR 1
| #define HAVE_BASENAME 1
| #define HAVE_MMAP 1
| #define USE_GENERATOR68K 1
| #define USE_MAMEZ80 1
| /* end confdefs.h.  */
| #include <ac_nonexistent.h>
configure:4895: result: gcc -E
configure:4915: gcc -E  conftest.c
configure:4915: $? = 0
configure:4929: gcc -E  conftest.c
conftest.c:19:10: fatal error: ac_nonexistent.h: No such file or directory
   19 | #include <ac_nonexistent.h>
      |          ^~~~~~~~~~~~~~~~~~
compilation terminated.
configure:4929: $? = 1
configure: failed program was:
| /* confdefs.h */
| #define PACKAGE_NAME "gngeo"
| #define PACKAGE_TARNAME "gngeo"
| #define PACKAGE_VERSION "0.8"
| #define PACKAGE_STRING "gngeo 0.8"
| #define PACKAGE_BUGREPORT ""
| #define PACKAGE_URL ""
| #define PACKAGE "gngeo"
| #define VERSION "0.8"
| #define HAVE_LIBM 1
| #define HAVE_LIBZ 1
| #define HAVE_GETOPT_LONG 1
| #define HAVE_SCANDIR 1
| #define HAVE_BASENAME 1
| #define HAVE_MMAP 1
| #define USE_GENERATOR68K 1
| #define USE_MAMEZ80 1
| /* end confdefs.h.  */
| #include <ac_nonexistent.h>
configure:4958: checking for grep that handles long lines and -e
configure:5016: result: /usr/bin/grep
configure:5021: checking for egrep
configure:5083: result: /usr/bin/grep -E
configure:5088: checking for ANSI C header files
configure:5108: gcc -c -fcommon -I/usr/include/SDL -D_GNU_SOURCE=1 -D_REENTRANT  conftest.c >&5
configure:5108: $? = 0
configure:5181: gcc -o conftest -fcommon -I/usr/include/SDL -D_GNU_SOURCE=1 -D_REENTRANT   conftest.c -lz -lm  -L/usr/lib/x86_64-linux-gnu -lSDL >&5
configure:5181: $? = 0
configure:5181: ./conftest
configure:5181: $? = 0
configure:5192: result: yes
configure:5205: checking for sys/types.h
configure:5205: gcc -c -fcommon -I/usr/include/SDL -D_GNU_SOURCE=1 -D_REENTRANT  conftest.c >&5
configure:5205: $? = 0
configure:5205: result: yes
configure:5205: checking for sys/stat.h
configure:5205: gcc -c -fcommon -I/usr/include/SDL -D_GNU_SOURCE=1 -D_REENTRANT  conftest.c >&5
configure:5205: $? = 0
configure:5205: result: yes
configure:5205: checking for stdlib.h
configure:5205: gcc -c -fcommon -I/usr/include/SDL -D_GNU_SOURCE=1 -D_REENTRANT  conftest.c >&5
configure:5205: $? = 0
configure:5205: result: yes
configure:5205: checking for string.h
configure:5205: gcc -c -fcommon -I/usr/include/SDL -D_GNU_SOURCE=1 -D_REENTRANT  conftest.c >&5
configure:5205: $? = 0
configure:5205: result: yes
configure:5205: checking for memory.h
configure:5205: gcc -c -fcommon -I/usr/include/SDL -D_GNU_SOURCE=1 -D_REENTRANT  conftest.c >&5
configure:5205: $? = 0
configure:5205: result: yes
configure:5205: checking for strings.h
configure:5205: gcc -c -fcommon -I/usr/include/SDL -D_GNU_SOURCE=1 -D_REENTRANT  conftest.c >&5
configure:5205: $? = 0
configure:5205: result: yes
configure:5205: checking for inttypes.h
configure:5205: gcc -c -fcommon -I/usr/include/SDL -D_GNU_SOURCE=1 -D_REENTRANT  conftest.c >&5
configure:5205: $? = 0
configure:5205: result: yes
configure:5205: checking for stdint.h
configure:5205: gcc -c -fcommon -I/usr/include/SDL -D_GNU_SOURCE=1 -D_REENTRANT  conftest.c >&5
configure:5205: $? = 0
configure:5205: result: yes
configure:5205: checking for unistd.h
configure:5205: gcc -c -fcommon -I/usr/include/SDL -D_GNU_SOURCE=1 -D_REENTRANT  conftest.c >&5
configure:5205: $? = 0
configure:5205: result: yes
configure:5219: checking GL/gl.h usability
configure:5219: gcc -c -fcommon -I/usr/include/SDL -D_GNU_SOURCE=1 -D_REENTRANT  conftest.c >&5
configure:5219: $? = 0
configure:5219: result: yes
configure:5219: checking GL/gl.h presence
configure:5219: gcc -E  conftest.c
configure:5219: $? = 0
configure:5219: result: yes
configure:5219: checking for GL/gl.h
configure:5219: result: yes
configure:5318: checking for dirent.h that defines DIR
configure:5337: gcc -c -fcommon -I/usr/include/SDL -D_GNU_SOURCE=1 -D_REENTRANT  conftest.c >&5
configure:5337: $? = 0
configure:5345: result: yes
configure:5358: checking for library containing opendir
configure:5389: gcc -o conftest -fcommon -I/usr/include/SDL -D_GNU_SOURCE=1 -D_REENTRANT   conftest.c -lz -lm  -L/usr/lib/x86_64-linux-gnu -lSDL >&5
configure:5389: $? = 0
configure:5406: result: none required
configure:5473: checking for ANSI C header files
configure:5577: result: yes
configure:5588: checking errno.h usability
configure:5588: gcc -c -fcommon -I/usr/include/SDL -D_GNU_SOURCE=1 -D_REENTRANT  conftest.c >&5
configure:5588: $? = 0
configure:5588: result: yes
configure:5588: checking errno.h presence
configure:5588: gcc -E  conftest.c
configure:5588: $? = 0
configure:5588: result: yes
configure:5588: checking for errno.h
configure:5588: result: yes
configure:5588: checking limits.h usability
configure:5588: gcc -c -fcommon -I/usr/include/SDL -D_GNU_SOURCE=1 -D_REENTRANT  conftest.c >&5
configure:5588: $? = 0
configure:5588: result: yes
configure:5588: checking limits.h presence
configure:5588: gcc -E  conftest.c
configure:5588: $? = 0
configure:5588: result: yes
configure:5588: checking for limits.h
configure:5588: result: yes
configure:5588: checking malloc.h usability
configure:5588: gcc -c -fcommon -I/usr/include/SDL -D_GNU_SOURCE=1 -D_REENTRANT  conftest.c >&5
configure:5588: $? = 0
configure:5588: result: yes
configure:5588: checking malloc.h presence
configure:5588: gcc -E  conftest.c
configure:5588: $? = 0
configure:5588: result: yes
configure:5588: checking for malloc.h
configure:5588: result: yes
configure:5588: checking stddef.h usability
configure:5588: gcc -c -fcommon -I/usr/include/SDL -D_GNU_SOURCE=1 -D_REENTRANT  conftest.c >&5
configure:5588: $? = 0
configure:5588: result: yes
configure:5588: checking stddef.h presence
configure:5588: gcc -E  conftest.c
configure:5588: $? = 0
configure:5588: result: yes
configure:5588: checking for stddef.h
configure:5588: result: yes
configure:5588: checking for stdlib.h
configure:5588: result: yes
configure:5588: checking for string.h
configure:5588: result: yes
configure:5588: checking sys/time.h usability
configure:5588: gcc -c -fcommon -I/usr/include/SDL -D_GNU_SOURCE=1 -D_REENTRANT  conftest.c >&5
configure:5588: $? = 0
configure:5588: result: yes
configure:5588: checking sys/time.h presence
configure:5588: gcc -E  conftest.c
configure:5588: $? = 0
configure:5588: result: yes
configure:5588: checking for sys/time.h
configure:5588: result: yes
configure:5588: checking for unistd.h
configure:5588: result: yes
configure:5600: checking for an ANSI C-conforming const
configure:5666: gcc -c -fcommon -I/usr/include/SDL -D_GNU_SOURCE=1 -D_REENTRANT  conftest.c >&5
configure:5666: $? = 0
configure:5673: result: yes
configure:5681: checking for inline
configure:5697: gcc -c -fcommon -I/usr/include/SDL -D_GNU_SOURCE=1 -D_REENTRANT  conftest.c >&5
configure:5697: $? = 0
configure:5705: result: inline
configure:5723: checking whether time.h and sys/time.h may both be included
configure:5743: gcc -c -fcommon -I/usr/include/SDL -D_GNU_SOURCE=1 -D_REENTRANT  conftest.c >&5
configure:5743: $? = 0
configure:5750: result: yes
configure:5758: checking whether struct tm is in sys/time.h or time.h
configure:5778: gcc -c -fcommon -I/usr/include/SDL -D_GNU_SOURCE=1 -D_REENTRANT  conftest.c >&5
configure:5778: $? = 0
configure:5785: result: time.h
configure:5793: checking whether byte ordering is bigendian
configure:5808: gcc -c -fcommon -I/usr/include/SDL -D_GNU_SOURCE=1 -D_REENTRANT  conftest.c >&5
conftest.c:43:9: error: unknown type name 'not'
   43 |         not a universal capable compiler
      |         ^~~
conftest.c:43:15: error: expected '=', ',', ';', 'asm' or '__attribute__' before 'universal'
   43 |         not a universal capable compiler
      |               ^~~~~~~~~
conftest.c:43:15: error: unknown type name 'universal'
configure:5808: $? = 1
configure: failed program was:
| /* confdefs.h */
| #define PACKAGE_NAME "gngeo"
| #define PACKAGE_TARNAME "gngeo"
| #define PACKAGE_VERSION "0.8"
| #define PACKAGE_STRING "gngeo 0.8"
| #define PACKAGE_BUGREPORT ""
| #define PACKAGE_URL ""
| #define PACKAGE "gngeo"
| #define VERSION "0.8"
| #define HAVE_LIBM 1
| #define HAVE_LIBZ 1
| #define HAVE_GETOPT_LONG 1
| #define HAVE_SCANDIR 1
| #define HAVE_BASENAME 1
| #define HAVE_MMAP 1
| #define USE_GENERATOR68K 1
| #define USE_MAMEZ80 1
| #define STDC_HEADERS 1
| #define HAVE_SYS_TYPES_H 1
| #define HAVE_SYS_STAT_H 1
| #define HAVE_STDLIB_H 1
| #define HAVE_STRING_H 1
| #define HAVE_MEMORY_H 1
| #define HAVE_STRINGS_H 1
| #define HAVE_INTTYPES_H 1
| #define HAVE_STDINT_H 1
| #define HAVE_UNISTD_H 1
| #define HAVE_GL_GL_H 1
| #define USE_GL2 1
| #define HAVE_DIRENT_H 1
| #define STDC_HEADERS 1
| #define HAVE_ERRNO_H 1
| #define HAVE_LIMITS_H 1
| #define HAVE_MALLOC_H 1
| #define HAVE_STDDEF_H 1
| #define HAVE_STDLIB_H 1
| #define HAVE_STRING_H 1
| #define HAVE_SYS_TIME_H 1
| #define HAVE_UNISTD_H 1
| #define TIME_WITH_SYS_TIME 1
| /* end confdefs.h.  */
| #ifndef __APPLE_CC__
| 	       not a universal capable compiler
| 	     #endif
| 	     typedef int dummy;
| 
configure:5853: gcc -c -fcommon -I/usr/include/SDL -D_GNU_SOURCE=1 -D_REENTRANT  conftest.c >&5
configure:5853: $? = 0
configure:5871: gcc -c -fcommon -I/usr/include/SDL -D_GNU_SOURCE=1 -D_REENTRANT  conftest.c >&5
conftest.c: In function 'main':
conftest.c:49:4: error: unknown type name 'not'; did you mean 'ino_t'?
   49 |    not big endian
      |    ^~~
      |    ino_t
conftest.c:49:12: error: expected '=', ',', ';', 'asm' or '__attribute__' before 'endian'
   49 |    not big endian
      |            ^~~~~~
configure:5871: $? = 1
configure: failed program was:
| /* confdefs.h */
| #define PACKAGE_NAME "gngeo"
| #define PACKAGE_TARNAME "gngeo"
| #define PACKAGE_VERSION "0.8"
| #define PACKAGE_STRING "gngeo 0.8"
| #define PACKAGE_BUGREPORT ""
| #define PACKAGE_URL ""
| #define PACKAGE "gngeo"
| #define VERSION "0.8"
| #define HAVE_LIBM 1
| #define HAVE_LIBZ 1
| #define HAVE_GETOPT_LONG 1
| #define HAVE_SCANDIR 1
| #define HAVE_BASENAME 1
| #define HAVE_MMAP 1
| #define USE_GENERATOR68K 1
| #define USE_MAMEZ80 1
| #define STDC_HEADERS 1
| #define HAVE_SYS_TYPES_H 1
| #define HAVE_SYS_STAT_H 1
| #define HAVE_STDLIB_H 1
| #define HAVE_STRING_H 1
| #define HAVE_MEMORY_H 1
| #define HAVE_STRINGS_H 1
| #define HAVE_INTTYPES_H 1
| #define HAVE_STDINT_H 1
| #define HAVE_UNISTD_H 1
| #define HAVE_GL_GL_H 1
| #define USE_GL2 1
| #define HAVE_DIRENT_H 1
| #define STDC_HEADERS 1
| #define HAVE_ERRNO_H 1
| #define HAVE_LIMITS_H 1
| #define HAVE_MALLOC_H 1
| #define HAVE_STDDEF_H 1
| #define HAVE_STDLIB_H 1
| #define HAVE_STRING_H 1
| #define HAVE_SYS_TIME_H 1
| #define HAVE_UNISTD_H 1
| #define TIME_WITH_SYS_TIME 1
| /* end confdefs.h.  */
| #include <sys/types.h>
| 		#include <sys/param.h>
| 
| int
| main ()
| {
| #if BYTE_ORDER != BIG_ENDIAN
| 		 not big endian
| 		#endif
| 
|   ;
|   return 0;
| }
configure:5999: result: no
configure:6021: checking for vprintf
configure:6021: gcc -o conftest -fcommon -I/usr/include/SDL -D_GNU_SOURCE=1 -D_REENTRANT   conftest.c -lz -lm  -L/usr/lib/x86_64-linux-gnu -lSDL >&5
conftest.c:65:6: warning: conflicting types for built-in function 'vprintf'; expected 'int(const char *, __va_list_tag *)' [-Wbuiltin-declaration-mismatch]
   65 | char vprintf ();
      |      ^~~~~~~
conftest.c:53:1: note: 'vprintf' is declared in header '<stdio.h>'
   52 | # include <limits.h>
   53 | #else
configure:6021: $? = 0
configure:6021: result: yes
configure:6027: checking for _doprnt
configure:6027: gcc -o conftest -fcommon -I/usr/include/SDL -D_GNU_SOURCE=1 -D_REENTRANT   conftest.c -lz -lm  -L/usr/lib/x86_64-linux-gnu -lSDL >&5
/usr/bin/ld: /tmp/cciFnTR9.o: in function `main':
conftest.c:(.text+0xa): undefined reference to `_doprnt'
collect2: error: ld returned 1 exit status
configure:6027: $? = 1
configure: failed program was:
| /* confdefs.h */
| #define PACKAGE_NAME "gngeo"
| #define PACKAGE_TARNAME "gngeo"
| #define PACKAGE_VERSION "0.8"
| #define PACKAGE_STRING "gngeo 0.8"
| #define PACKAGE_BUGREPORT ""
| #define PACKAGE_URL ""
| #define PACKAGE "gngeo"
| #define VERSION "0.8"
| #define HAVE_LIBM 1
| #define HAVE_LIBZ 1
| #define HAVE_GETOPT_LONG 1
| #define HAVE_SCANDIR 1
| #define HAVE_BASENAME 1
| #define HAVE_MMAP 1
| #define USE_GENERATOR68K 1
| #define USE_MAMEZ80 1
| #define STDC_HEADERS 1
| #define HAVE_SYS_TYPES_H 1
| #define HAVE_SYS_STAT_H 1
| #define HAVE_STDLIB_H 1
| #define HAVE_STRING_H 1
| #define HAVE_MEMORY_H 1
| #define HAVE_STRINGS_H 1
| #define HAVE_INTTYPES_H 1
| #define HAVE_STDINT_H 1
| #define HAVE_UNISTD_H 1
| #define HAVE_GL_GL_H 1
| #define USE_GL2 1
| #define HAVE_DIRENT_H 1
| #define STDC_HEADERS 1
| #define HAVE_ERRNO_H 1
| #define HAVE_LIMITS_H 1
| #define HAVE_MALLOC_H 1
| #define HAVE_STDDEF_H 1
| #define HAVE_STDLIB_H 1
| #define HAVE_STRING_H 1
| #define HAVE_SYS_TIME_H 1
| #define HAVE_UNISTD_H 1
| #define TIME_WITH_SYS_TIME 1
| #define HAVE_VPRINTF 1
| /* end confdefs.h.  */
| /* Define _doprnt to an innocuous variant, in case <limits.h> declares _doprnt.
|    For example, HP-UX 11i <limits.h> declares gettimeofday.  */
| #define _doprnt innocuous__doprnt
| 
| /* System header to define __stub macros and hopefully few prototypes,
|     which can conflict with char _doprnt (); below.
|     Prefer <limits.h> to <assert.h> if __STDC__ is defined, since
|     <limits.h> exists even on freestanding compilers.  */
| 
| #ifdef __STDC__
| # include <limits.h>
| #else
| # include <assert.h>
| #endif
| 
| #undef _doprnt
| 
| /* Override any GCC internal prototype to avoid an error.
|    Use char because int might match the return type of a GCC
|    builtin and then its argument prototype would still apply.  */
| #ifdef __cplusplus
| extern "C"
| #endif
| char _doprnt ();
| /* The GNU C library defines this for functions which it implements
|     to always fail with ENOSYS.  Some functions are actually named
|     something starting with __ and the normal name is an alias.  */
| #if defined __stub__doprnt || defined __stub____doprnt
| choke me
| #endif
| 
| int
| main ()
| {
| return _doprnt ();
|   ;
|   return 0;
| }
configure:6027: result: no
configure:6041: checking for atexit
configure:6041: gcc -o conftest -fcommon -I/usr/include/SDL -D_GNU_SOURCE=1 -D_REENTRANT   conftest.c -lz -lm  -L/usr/lib/x86_64-linux-gnu -lSDL >&5
configure:6041: $? = 0
configure:6041: result: yes
configure:6041: checking for floor
configure:6041: gcc -o conftest -fcommon -I/usr/include/SDL -D_GNU_SOURCE=1 -D_REENTRANT   conftest.c -lz -lm  -L/usr/lib/x86_64-linux-gnu -lSDL >&5
conftest.c:67:6: warning: conflicting types for built-in function 'floor'; expected 'double(double)' [-Wbuiltin-declaration-mismatch]
   67 | char floor ();
      |      ^~~~~
conftest.c:55:1: note: 'floor' is declared in header '<math.h>'
   54 | # include <limits.h>
   55 | #else
configure:6041: $? = 0
configure:6041: result: yes
configure:6041: checking for gettimeofday
configure:6041: gcc -o conftest -fcommon -I/usr/include/SDL -D_GNU_SOURCE=1 -D_REENTRANT   conftest.c -lz -lm  -L/usr/lib/x86_64-linux-gnu -lSDL >&5
configure:6041: $? = 0
configure:6041: result: yes
configure:6041: checking for memset
configure:6041: gcc -o conftest -fcommon -I/usr/include/SDL -D_GNU_SOURCE=1 -D_REENTRANT   conftest.c -lz -lm  -L/usr/lib/x86_64-linux-gnu -lSDL >&5
conftest.c:69:6: warning: conflicting types for built-in function 'memset'; expected 'void *(void *, int,  long unsigned int)' [-Wbuiltin-declaration-mismatch]
   69 | char memset ();
      |      ^~~~~~
conftest.c:57:1: note: 'memset' is declared in header '<string.h>'
   56 | # include <limits.h>
   57 | #else
configure:6041: $? = 0
configure:6041: result: yes
configure:6041: checking for mkdir
configure:6041: gcc -o conftest -fcommon -I/usr/include/SDL -D_GNU_SOURCE=1 -D_REENTRANT   conftest.c -lz -lm  -L/usr/lib/x86_64-linux-gnu -lSDL >&5
configure:6041: $? = 0
configure:6041: result: yes
configure:6041: checking for pow
configure:6041: gcc -o conftest -fcommon -I/usr/include/SDL -D_GNU_SOURCE=1 -D_REENTRANT   conftest.c -lz -lm  -L/usr/lib/x86_64-linux-gnu -lSDL >&5
conftest.c:71:6: warning: conflicting types for built-in function 'pow'; expected 'double(double,  double)' [-Wbuiltin-declaration-mismatch]
   71 | char pow ();
      |      ^~~
conftest.c:59:1: note: 'pow' is declared in header '<math.h>'
   58 | # include <limits.h>
   59 | #else
configure:6041: $? = 0
configure:6041: result: yes
configure:6041: checking for strchr
configure:6041: gcc -o conftest -fcommon -I/usr/include/SDL -D_GNU_SOURCE=1 -D_REENTRANT   conftest.c -lz -lm  -L/usr/lib/x86_64-linux-gnu -lSDL >&5
conftest.c:72:6: warning: conflicting types for built-in function 'strchr'; expected 'char *(const char *, int)' [-Wbuiltin-declaration-mismatch]
   72 | char strchr ();
      |      ^~~~~~
conftest.c:60:1: note: 'strchr' is declared in header '<string.h>'
   59 | # include <limits.h>
   60 | #else
configure:6041: $? = 0
configure:6041: result: yes
configure:6041: checking for strstr
configure:6041: gcc -o conftest -fcommon -I/usr/include/SDL -D_GNU_SOURCE=1 -D_REENTRANT   conftest.c -lz -lm  -L/usr/lib/x86_64-linux-gnu -lSDL >&5
conftest.c:73:6: warning: conflicting types for built-in function 'strstr'; expected 'char *(const char *, const char *)' [-Wbuiltin-declaration-mismatch]
   73 | char strstr ();
      |      ^~~~~~
conftest.c:61:1: note: 'strstr' is declared in header '<string.h>'
   60 | # include <limits.h>
   61 | #else
configure:6041: $? = 0
configure:6041: result: yes
configure:6041: checking for strtoul
configure:6041: gcc -o conftest -fcommon -I/usr/include/SDL -D_GNU_SOURCE=1 -D_REENTRANT   conftest.c -lz -lm  -L/usr/lib/x86_64-linux-gnu -lSDL >&5
configure:6041: $? = 0
configure:6041: result: yes
configure:6067: result: Turning on x86_64 processor optimisations
configure:6300: creating ./config.status

## ---------------------- ##
## Running config.status. ##
## ---------------------- ##

This file was extended by gngeo config.status 0.8, which was
generated by GNU Autoconf 2.69.  Invocation command line was

  CONFIG_FILES    = 
  CONFIG_HEADERS  = 
  CONFIG_LINKS    = 
  CONFIG_COMMANDS = 
  $ ./config.status 

on debian

config.status:939: creating Makefile
config.status:939: creating src/Makefile
config.status:939: creating src/raze/Makefile
config.status:939: creating src/star/Makefile
config.status:939: creating src/mamez80/Makefile
config.status:939: creating src/generator68k/Makefile
config.status:939: creating src/cyclone/Makefile
config.status:939: creating src/drz80/Makefile
config.status:939: creating src/effect/Makefile
config.status:939: creating src/blitter/Makefile
config.status:939: creating src/ym2610/Makefile
config.status:939: creating config.h
config.status:1168: executing depfiles commands

## ---------------- ##
## Cache variables. ##
## ---------------- ##

ac_cv_build=x86_64-unknown-linux-gnu
ac_cv_c_bigendian=no
ac_cv_c_compiler_gnu=yes
ac_cv_c_const=yes
ac_cv_c_inline=inline
ac_cv_env_CCASFLAGS_set=
ac_cv_env_CCASFLAGS_value=
ac_cv_env_CCAS_set=
ac_cv_env_CCAS_value=
ac_cv_env_CC_set=
ac_cv_env_CC_value=
ac_cv_env_CFLAGS_set=set
ac_cv_env_CFLAGS_value=-fcommon
ac_cv_env_CPPFLAGS_set=
ac_cv_env_CPPFLAGS_value=
ac_cv_env_CPP_set=
ac_cv_env_CPP_value=
ac_cv_env_LDFLAGS_set=
ac_cv_env_LDFLAGS_value=
ac_cv_env_LIBS_set=
ac_cv_env_LIBS_value=
ac_cv_env_build_alias_set=
ac_cv_env_build_alias_value=
ac_cv_env_host_alias_set=
ac_cv_env_host_alias_value=
ac_cv_env_target_alias_set=
ac_cv_env_target_alias_value=
ac_cv_func__doprnt=no
ac_cv_func_atexit=yes
ac_cv_func_basename=yes
ac_cv_func_floor=yes
ac_cv_func_getopt_long=yes
ac_cv_func_gettimeofday=yes
ac_cv_func_memset=yes
ac_cv_func_mkdir=yes
ac_cv_func_mmap=yes
ac_cv_func_pow=yes
ac_cv_func_scandir=yes
ac_cv_func_strchr=yes
ac_cv_func_strstr=yes
ac_cv_func_strtoul=yes
ac_cv_func_vprintf=yes
ac_cv_header_GL_gl_h=yes
ac_cv_header_dirent_dirent_h=yes
ac_cv_header_errno_h=yes
ac_cv_header_inttypes_h=yes
ac_cv_header_limits_h=yes
ac_cv_header_malloc_h=yes
ac_cv_header_memory_h=yes
ac_cv_header_stdc=yes
ac_cv_header_stddef_h=yes
ac_cv_header_stdint_h=yes
ac_cv_header_stdlib_h=yes
ac_cv_header_string_h=yes
ac_cv_header_strings_h=yes
ac_cv_header_sys_stat_h=yes
ac_cv_header_sys_time_h=yes
ac_cv_header_sys_types_h=yes
ac_cv_header_time=yes
ac_cv_header_unistd_h=yes
ac_cv_host=x86_64-unknown-linux-gnu
ac_cv_lib_m_acos=yes
ac_cv_lib_z_inflate=yes
ac_cv_objext=o
ac_cv_path_EGREP='/usr/bin/grep -E'
ac_cv_path_GREP=/usr/bin/grep
ac_cv_path_SDL_CONFIG=/usr/bin/sdl-config
ac_cv_path_install='/usr/bin/install -c'
ac_cv_path_mkdir=/usr/bin/mkdir
ac_cv_prog_AWK=mawk
ac_cv_prog_CPP='gcc -E'
ac_cv_prog_ac_ct_CC=gcc
ac_cv_prog_ac_ct_RANLIB=ranlib
ac_cv_prog_cc_c89=
ac_cv_prog_cc_g=yes
ac_cv_prog_make_make_set=yes
ac_cv_search_opendir='none required'
ac_cv_struct_tm=time.h
ac_cv_target=x86_64-unknown-linux-gnu
am_cv_CCAS_dependencies_compiler_type=gcc3
am_cv_CC_dependencies_compiler_type=gcc3

## ----------------- ##
## Output variables. ##
## ----------------- ##

ACLOCAL='${SHELL} /home/jigokumaster/Dev/Symbian/gngeo-dev/src/gngeo-0.8/missing --run aclocal-1.11'
AMDEPBACKSLASH='\'
AMDEP_FALSE='#'
AMDEP_TRUE=''
AMTAR='${SHELL} /home/jigokumaster/Dev/Symbian/gngeo-dev/src/gngeo-0.8/missing --run tar'
AM_BACKSLASH='\'
AM_DEFAULT_VERBOSITY='1'
AUTOCONF='${SHELL} /home/jigokumaster/Dev/Symbian/gngeo-dev/src/gngeo-0.8/missing --run autoconf'
AUTOHEADER='${SHELL} /home/jigokumaster/Dev/Symbian/gngeo-dev/src/gngeo-0.8/missing --run autoheader'
AUTOMAKE='${SHELL} /home/jigokumaster/Dev/Symbian/gngeo-dev/src/gngeo-0.8/missing --run automake-1.11'
AWK='mawk'
CC='gcc'
CCAS='gcc'
CCASDEPMODE='depmode=gcc3'
CCASFLAGS='-fcommon'
CCDEPMODE='depmode=gcc3'
CC_FOR_BUILD='gcc'
CFLAGS='-fcommon -I/usr/include/SDL -D_GNU_SOURCE=1 -D_REENTRANT -O3 -fstrength-reduce -frerun-loop-opt -Wall -Wno-unused -funroll-loops                     -ffast-math  -fexpensive-optimizations                      -malign-double -fomit-frame-pointer -g 		    -fno-strict-aliasing -pipe -DCPU=x86_64'
CPP='gcc -E'
CPPFLAGS=''
CYGPATH_W='echo'
DEFS='-DHAVE_CONFIG_H'
DEPDIR='.deps'
ECHO_C=''
ECHO_N='-n'
ECHO_T=''
EGREP='/usr/bin/grep -E'
EXEEXT=''
GREP='/usr/bin/grep'
HAVE_NASM_FALSE=''
HAVE_NASM_TRUE='#'
INSTALL_DATA='${INSTALL} -m 644'
INSTALL_PROGRAM='${INSTALL}'
INSTALL_SCRIPT='${INSTALL}'
INSTALL_STRIP_PROGRAM='$(install_sh) -c -s'
LDFLAGS=''
LIBOBJS=''
LIBS='-lz -lm  -L/usr/lib/x86_64-linux-gnu -lSDL'
LTLIBOBJS=''
MAKEINFO='${SHELL} /home/jigokumaster/Dev/Symbian/gngeo-dev/src/gngeo-0.8/missing --run makeinfo'
MKDIR_P='/usr/bin/mkdir -p'
OBJEXT='o'
PACKAGE='gngeo'
PACKAGE_BUGREPORT=''
PACKAGE_NAME='gngeo'
PACKAGE_STRING='gngeo 0.8'
PACKAGE_TARNAME='gngeo'
PACKAGE_URL=''
PACKAGE_VERSION='0.8'
PATH_SEPARATOR=':'
PROCESSOR_ARM_FALSE=''
PROCESSOR_ARM_TRUE='#'
RANLIB='ranlib'
SDL_CFLAGS='-I/usr/include/SDL -D_GNU_SOURCE=1 -D_REENTRANT'
SDL_CONFIG='/usr/bin/sdl-config'
SDL_LIBS='-L/usr/lib/x86_64-linux-gnu -lSDL'
SET_MAKE=''
SHELL='/bin/bash'
STRIP=''
USE_CYCLONE_FALSE=''
USE_CYCLONE_TRUE='#'
USE_DRZ80_FALSE=''
USE_DRZ80_TRUE='#'
USE_GENERATOR68K_FALSE='#'
USE_GENERATOR68K_TRUE=''
USE_GP2X_FALSE=''
USE_GP2X_TRUE='#'
USE_GUI_FALSE=''
USE_GUI_TRUE='#'
USE_MAMEZ80_FALSE='#'
USE_MAMEZ80_TRUE=''
USE_RAZE_FALSE=''
USE_RAZE_TRUE='#'
USE_STARSCREAM_FALSE=''
USE_STARSCREAM_TRUE='#'
USE_WIZ_FALSE=''
USE_WIZ_TRUE='#'
VERSION='0.8'
ac_ct_CC='gcc'
am__EXEEXT_FALSE=''
am__EXEEXT_TRUE='#'
am__fastdepCCAS_FALSE='#'
am__fastdepCCAS_TRUE=''
am__fastdepCC_FALSE='#'
am__fastdepCC_TRUE=''
am__include='include'
am__isrc=''
am__leading_dot='.'
am__quote=''
am__tar='${AMTAR} chof - "$$tardir"'
am__untar='${AMTAR} xf -'
bindir='${exec_prefix}/bin'
build='x86_64-unknown-linux-gnu'
build_alias=''
build_cpu='x86_64'
build_os='linux-gnu'
build_vendor='unknown'
datadir='${datarootdir}'
datarootdir='${prefix}/share'
docdir='${datarootdir}/doc/${PACKAGE_TARNAME}'
dvidir='${docdir}'
exec_prefix='${prefix}'
have_nasm=''
host='x86_64-unknown-linux-gnu'
host_alias=''
host_cpu='x86_64'
host_os='linux-gnu'
host_vendor='unknown'
htmldir='${docdir}'
includedir='${prefix}/include'
infodir='${datarootdir}/info'
install_sh='${SHELL} /home/jigokumaster/Dev/Symbian/gngeo-dev/src/gngeo-0.8/install-sh'
libdir='${exec_prefix}/lib'
libexecdir='${exec_prefix}/libexec'
localedir='${datarootdir}/locale'
localstatedir='${prefix}/var'
mandir='${datarootdir}/man'
mkdir_p='/usr/bin/mkdir -p'
oldincludedir='/usr/include'
pdfdir='${docdir}'
prefix='/usr/local'
program_transform_name='s,x,x,'
psdir='${docdir}'
runstatedir='${localstatedir}/run'
sbindir='${exec_prefix}/sbin'
sharedstatedir='${prefix}/com'
sysconfdir='${prefix}/etc'
target='x86_64-unknown-linux-gnu'
target_alias=''
target_cpu='x86_64'
target_os='linux-gnu'
target_vendor='unknown'

## ----------- ##
## confdefs.h. ##
## ----------- ##

/* confdefs.h */
#define PACKAGE_NAME "gngeo"
#define PACKAGE_TARNAME "gngeo"
#define PACKAGE_VERSION "0.8"
#define PACKAGE_STRING "gngeo 0.8"
#define PACKAGE_BUGREPORT ""
#define PACKAGE_URL ""
#define PACKAGE "gngeo"
#define VERSION "0.8"
#define HAVE_LIBM 1
#define HAVE_LIBZ 1
#define HAVE_GETOPT_LONG 1
#define HAVE_SCANDIR 1
#define HAVE_BASENAME 1
#define HAVE_MMAP 1
#define USE_GENERATOR68K 1
#define USE_MAMEZ80 1
#define STDC_HEADERS 1
#define HAVE_SYS_TYPES_H 1
#define HAVE_SYS_STAT_H 1
#define HAVE_STDLIB_H 1
#define HAVE_STRING_H 1
#define HAVE_MEMORY_H 1
#define HAVE_STRINGS_H 1
#define HAVE_INTTYPES_H 1
#define HAVE_STDINT_H 1
#define HAVE_UNISTD_H 1
#define HAVE_GL_GL_H 1
#define USE_GL2 1
#define HAVE_DIRENT_H 1
#define STDC_HEADERS 1
#define HAVE_ERRNO_H 1
#define HAVE_LIMITS_H 1
#define HAVE_MALLOC_H 1
#define HAVE_STDDEF_H 1
#define HAVE_STDLIB_H 1
#define HAVE_STRING_H 1
#define HAVE_SYS_TIME_H 1
#define HAVE_UNISTD_H 1
#define TIME_WITH_SYS_TIME 1
#define HAVE_VPRINTF 1
#define HAVE_ATEXIT 1
#define HAVE_FLOOR 1
#define HAVE_GETTIMEOFDAY 1
#define HAVE_MEMSET 1
#define HAVE_MKDIR 1
#define HAVE_POW 1
#define HAVE_STRCHR 1
#define HAVE_STRSTR 1
#define HAVE_STRTOUL 1
#define PROCESSOR_ADM64 1
#define ALIGNLONGS ALIGNLONGS

configure: exit 0
